<?xml version="1.0" encoding="UTF-8"?>
<!-- Generated by org.testng.reporters.JUnitReportReporter -->
<testsuite hostname="DESKTOP-J77L1O0" failures="0" tests="1" name="ServerProject.ServerProject.Serilization" time="3.723" errors="0" timestamp="2022-08-04T12:07:34 IST" skipped="0">
  <testcase classname="ServerProject.ServerProject.Serilization" name="serilize" time="3.723"/>
  <system-out/>
</testsuite> <!-- ServerProject.ServerProject.Serilization -->
