<?xml version="1.0" encoding="UTF-8"?>
<!-- Generated by org.testng.reporters.JUnitReportReporter -->
<testsuite hostname="DESKTOP-J77L1O0" failures="0" tests="1" name="ServerProject.ServerProject.Deserilization" time="7.139" errors="0" timestamp="2022-08-04T12:05:51 IST" skipped="0">
  <testcase classname="ServerProject.ServerProject.Deserilization" name="deserilization" time="7.139"/>
  <system-out/>
</testsuite> <!-- ServerProject.ServerProject.Deserilization -->
